#
# There is insufficient memory for the Java Runtime Environment to continue.
# Native memory allocation (malloc) failed to allocate 1048576 bytes for AllocateHeap
# Possible reasons:
#   The system is out of physical RAM or swap space
#   The process is running with CompressedOops enabled, and the Java Heap may be blocking the growth of the native heap
# Possible solutions:
#   Reduce memory load on the system
#   Increase physical memory or swap space
#   Check if swap backing store is full
#   Decrease Java heap size (-Xmx/-Xms)
#   Decrease number of Java threads
#   Decrease Java thread stack sizes (-Xss)
#   Set larger code cache with -XX:ReservedCodeCacheSize=
#   JVM is running with Unscaled Compressed Oops mode in which the Java heap is
#     placed in the first 4GB address space. The Java Heap base address is the
#     maximum limit for the native heap growth. Please use -XX:HeapBaseMinAddress
#     to set the Java Heap base and to place the Java Heap above 4GB virtual address.
# This output file may be truncated or incomplete.
#
#  Out of Memory Error (allocation.cpp:44), pid=6392, tid=11892
#
# JRE version:  (19.0+36) (build )
# Java VM: Java HotSpot(TM) 64-Bit Server VM (19+36-2238, mixed mode, sharing, tiered, compressed oops, compressed class ptrs, g1 gc, windows-amd64)
# No core dump will be written. Minidumps are not enabled by default on client versions of Windows
#

---------------  S U M M A R Y ------------

Command Line: -XX:+ShowCodeDetailsInExceptionMessages -agentlib:jdwp=transport=dt_socket,suspend=y,address=localhost:58921 -javaagent:C:\Users\rlancesseur\eclipse\java-2024-03\eclipse\configuration\org.eclipse.osgi\251\0\.cp\lib\javaagent-shaded.jar -Dfile.encoding=UTF-8 -Dstdout.encoding=UTF-8 -Dstderr.encoding=UTF-8 bureauErgonomique.App

Host: Intel(R) Xeon(R) CPU E3-1245 v5 @ 3.50GHz, 8 cores, 7G,  Windows 10 , 64 bit Build 19041 (10.0.19041.3636)
Time: Tue Jun 11 09:27:36 2024 Paris, Madrid (heure duild 19041 (10.0.19041.3636) elapsed time: 0.017992 seconds (0d 0h 0m 0s)

---------------  T H R E A D  ---------------

Current thread (0x000001ba21135920):  JavaThread "Unknown thread" [_thread_in_vm, id=11892, stack(0x000000906ea00000,0x000000906eb00000)]

Stack: [0x000000906ea00000,0x000000906eb00000]
Native frames: (J=compiled Java code, j=interpreted, Vv=VM code, C=native code)
V  [jvm.dll+0x6ee8fa]
V  [jvm.dll+0x857a1e]
V  [jvm.dll+0x85940e]
V  [jvm.dll+0x859ac3]
V  [jvm.dll+0x28291f]
V  [jvm.dll+0xc40eb]
V  [jvm.dll+0x32a2d9]
V  [jvm.dll+0x821aeb]
V  [jvm.dll+0x3c27c1]
V  [jvm.dll+0x8022f1]
V  [jvm.dll+0x44b30f]
V  [jvm.dll+0x44cc91]
C  [jli.dll+0x5287]
C  [ucrtbase.dll+0x21bb2]
C  [KERNEL32.DLL+0x17344]
C  [ntdll.dll+0x526b1]


---------------  P R O C E S S  ---------------

Threads class SMR info:
_java_thread_list=0x00007ff9dc06d048, length=0, elements={
}

Java Threads: ( => current thread )

Other Threads:

=>0x000001ba21135920 (exited) JavaThread "Unknown thread" [_thread_in_vm, id=11892, stack(0x000000906ea00000,0x000000906eb00000)]

Threads with active compile tasks:

VM state: not at safepoint (not fully initialized)

VM Mutex/Monitor currently owned by a thread: None

Heap address: 0x0000000000000000, size: 0 MB, Compressed Oops mode: 32-bit

CDS archive(s) mapped at: [0x0000000000000000-0x0000000000000000-0x0000000000000000), size 0, SharedBaseAddress: 0x0000000800000000, ArchiveRelocationMode: 0.
Narrow klass base: 0x0000000000000000, Narrow klass shift: 0, Narrow klass range: 0x0

GC Precious Log:
 CardTable entry size: 512
 Card Set container configuration: InlinePtr #cards 5 size 8 Array Of Cards #cards 12 size 40 Howl #buckets 4 coarsen threshold 1843 Howl Bitmap #cards 512 size 80 coarsen threshold 460 Card regions per heap region 1 cards per card region 2048

GC Heap History (0 events):
No events

Dll operation events (1 events):
Event: 0.012 Loaded shared library C:\Program Files\Java\jdk-19\bin\java.dll

Deoptimization events (0 events):
No events

Classes loaded (0 events):
No events

Classes unloaded (0 events):
No events

Classes redefined (0 events):
No events

Internal exceptions (0 events):
No events

VM Operations (0 events):
No events

Events (0 events):
No events


Dynamic libraries:
0x00007ff78bbb0000 - 0x00007ff78bbc0000 	C:\Program Files\Java\jdk-19\bin\javaw.exe
0x00007ffa334f0000 - 0x00007ffa336e8000 	C:\windows\SYSTEM32\ntdll.dll
0x00007ffa32490000 - 0x00007ffa3254d000 	C:\windows\System32\KERNEL32.DLL
0x00007ffa30e00000 - 0x00007ffa310f6000 	C:\windows\System32\KERNELBASE.dll
0x00007ffa30d00000 - 0x00007ffa30e00000 	C:\windows\System32\ucrtbase.dll
0x00007ffa2e5e0000 - 0x00007ffa2e5fb000 	C:\Program Files\Java\jdk-19\bin\VCRUNTIME140.dll
0x00007ffa2b900000 - 0x00007ffa2b918000 	C:\Program Files\Java\jdk-19\bin\jli.dll
0x00007ffa325d0000 - 0x00007ffa32680000 	C:\windows\System32\ADVAPI32.dll
0x00007ffa31f20000 - 0x00007ffa31fbe000 	C:\windows\System32\msvcrt.dll
0x00007ffa32880000 - 0x00007ffa32920000 	C:\windows\System32\sechost.dll
0x00007ffa31520000 - 0x00007ffa31643000 	C:\windows\System32\RPCRT4.dll
0x00007ffa30bd0000 - 0x00007ffa30bf7000 	C:\windows\System32\bcrypt.dll
0x00007ffa322f0000 - 0x00007ffa3248f000 	C:\windows\System32\USER32.dll
0x00007ffa30ba0000 - 0x00007ffa30bc2000 	C:\windows\System32\win32u.dll
0x00007ffa205c0000 - 0x00007ffa2085a000 	C:\windows\WinSxS\amd64_microsoft.windows.common-controls_6595b64144ccf1df_6.0.19041.4355_none_60b8b9eb71f62e16\COMCTL32.dll
0x00007ffa32920000 - 0x00007ffa3294b000 	C:\windows\System32\GDI32.dll
0x00007ffa311b0000 - 0x00007ffa312c7000 	C:\windows\System32\gdi32full.dll
0x00007ffa31320000 - 0x00007ffa313bd000 	C:\windows\System32\msvcp_win.dll
0x00007ffa2a180000 - 0x00007ffa2a18a000 	C:\windows\SYSTEM32\VERSION.dll
0x00007ffa322b0000 - 0x00007ffa322e2000 	C:\windows\System32\IMM32.DLL
0x00007ffa1fd90000 - 0x00007ffa1fd9c000 	C:\Program Files\Java\jdk-19\bin\vcruntime140_1.dll
0x00007ff9f4080000 - 0x00007ff9f410e000 	C:\Program Files\Java\jdk-19\bin\msvcp140.dll
0x00007ff9db4f0000 - 0x00007ff9dc1b0000 	C:\Program Files\Java\jdk-19\bin\server\jvm.dll
0x00007ffa26180000 - 0x00007ffa261a7000 	C:\windows\SYSTEM32\WINMM.dll
0x00007ffa2f1a0000 - 0x00007ffa2f1a9000 	C:\windows\SYSTEM32\WSOCK32.dll
0x00007ffa32550000 - 0x00007ffa325bb000 	C:\windows\System32\WS2_32.dll
0x00007ffa2f510000 - 0x00007ffa2f522000 	C:\windows\SYSTEM32\kernel.appcore.dll
0x00007ffa19470000 - 0x00007ffa1947a000 	C:\Program Files\Java\jdk-19\bin\jimage.dll
0x00007ffa2ee20000 - 0x00007ffa2f004000 	C:\windows\SYSTEM32\DBGHELP.DLL
0x00007ffa0acf0000 - 0x00007ffa0ad24000 	C:\windows\SYSTEM32\dbgcore.DLL
0x00007ffa30c00000 - 0x00007ffa30c82000 	C:\windows\System32\bcryptPrimitives.dll
0x00007ffa2b4c0000 - 0x00007ffa2b4fc000 	C:\Program Files\Java\jdk-19\bin\jdwp.dll
0x00007ffa2f180000 - 0x00007ffa2f18e000 	C:\Program Files\Java\jdk-19\bin\instrument.dll
0x00007ff9f57b0000 - 0x00007ff9f57d6000 	C:\Program Files\Java\jdk-19\bin\java.dll

dbghelp: loaded successfully - version: 4.0.5 - missing functions: none
symbol engine: initialized successfully - sym options: 0x614 - pdb path: .;C:\Program Files\Java\jdk-19\bin;C:\windows\SYSTEM32;C:\windows\WinSxS\amd64_microsoft.windows.common-controls_6595b64144ccf1df_6.0.19041.4355_none_60b8b9eb71f62e16;C:\Program Files\Java\jdk-19\bin\server

VM Arguments:
jvm_args: -XX:+ShowCodeDetailsInExceptionMessages -agentlib:jdwp=transport=dt_socket,suspend=y,address=localhost:58921 -javaagent:C:\Users\rlancesseur\eclipse\java-2024-03\eclipse\configuration\org.eclipse.osgi\251\0\.cp\lib\javaagent-shaded.jar -Dfile.encoding=UTF-8 -Dstdout.encoding=UTF-8 -Dstderr.encoding=UTF-8 
java_command: bureauErgonomique.App
java_class_path (initial): C:\Users\rlancesseur\Documents\GitHub\ABC2403_Remi\04-Objet\bureauErgonomique\bin
Launcher Type: SUN_STANDARD

[Global flags]
     intx CICompilerCount                          = 4                                         {product} {ergonomic}
     uint ConcGCThreads                            = 2                                         {product} {ergonomic}
     uint G1ConcRefinementThreads                  = 8                                         {product} {ergonomic}
   size_t G1HeapRegionSize                         = 1048576                                   {product} {ergonomic}
    uintx GCDrainStackTargetSize                   = 64                                        {product} {ergonomic}
   size_t InitialHeapSize                          = 134217728                                 {product} {ergonomic}
   size_t MarkStackSize                            = 4194304                                   {product} {ergonomic}
   size_t MaxHeapSize                              = 2120220672                                {product} {ergonomic}
   size_t MinHeapDeltaBytes                        = 1048576                                   {product} {ergonomic}
   size_t MinHeapSize                              = 8388608                                   {product} {ergonomic}
    uintx NonNMethodCodeHeapSize                   = 5839372                                {pd product} {ergonomic}
    uintx NonProfiledCodeHeapSize                  = 122909434                              {pd product} {ergonomic}
    uintx ProfiledCodeHeapSize                     = 122909434                              {pd product} {ergonomic}
    uintx ReservedCodeCacheSize                    = 251658240                              {pd product} {ergonomic}
     bool SegmentedCodeCache                       = true                                      {product} {ergonomic}
     bool ShowCodeDetailsInExceptionMessages       = true                                   {manageable} {command line}
   size_t SoftMaxHeapSize                          = 2120220672                             {manageable} {ergonomic}
     bool UseCompressedClassPointers               = true                           {product lp64_product} {ergonomic}
     bool UseCompressedOops                        = true                           {product lp64_product} {ergonomic}
     bool UseG1GC                                  = true                                      {product} {ergonomic}
     bool UseLargePagesIndividualAllocation        = false                                  {pd product} {ergonomic}

Logging:
Log output configuration:
 #0: stdout all=warning uptime,level,tags foldmultilines=false
 #1: stderr all=off uptime,level,tags foldmultilines=false

Environment Variables:
PATH=C:\Program Files\Common Files\Oracle\Java\javapath;C:\Python310\Scripts\;C:\Python310\;C:\Program Files\Microsoft MPI\Bin\;C:\Program Files (x86)\Common Files\Oracle\Java\javapath;C:\ProgramData\Oracle\Java\javapath;C:\WINDOWS\system32;C:\WINDOWS;C:\WINDOWS\System32\Wbem;C:\WINDOWS\System32\WindowsPowerShell\v1.0\;C:\WINDOWS\System32\OpenSSH\;C:\Program Files\dotnet\;C:\Program Files\Microsoft SQL Server\130\Tools\Binn\;C:\Program Files (x86)\Microsoft SQL Server\140\Tools\Binn\;C:\Program Files (x86)\Microsoft SQL Server\140\DTS\Binn\;C:\Program Files (x86)\Microsoft SQL Server\Client SDK\ODBC\130\Tools\Binn\;C:\Program Files (x86)\Microsoft SQL Server\140\Tools\Binn\ManagementStudio\;C:\Program Files\Microsoft VS Code\bin;C:\Program Files\Microsoft SQL Server\Client SDK\ODBC\170\Tools\Binn\;C:\laragon\bin\php\php-8.1.11;C:\ProgramData\ComposerSetup\bin;C:\Program Files\Microsoft SQL Server\150\Tools\Binn\;C:\Program Files\Docker\Docker\resources\bin;C:\ProgramData\DockerDesktop\version-bin;C:\ProgramData\chocolatey\bin;C:\windows\system32;C:\windows;C:\windows\System32\Wbem;C:\windows\System32\WindowsPowerShell\v1.0\;C:\windows\System32\OpenSSH\;C:\Program Files (x86)\Intel\Intel(R) Management Engine Components\DAL;C:\Program Files\Intel\Intel(R) Management Engine Components\DAL;C:\Program Files\Git\cmd;C:\Program Files\nodejs\;C:\Users\rlancesseur\AppData\Local\Microsoft\WindowsApps;C:\ProgramData\RLancesseur\GitHubDesktop\bin;C:\Users\rlancesseur\AppData\Local\GitHubDesktop\bin
USERNAME=RLancesseur
OS=Windows_NT
PROCESSOR_IDENTIFIER=Intel64 Family 6 Model 94 Stepping 3, GenuineIntel
TMP=C:\Users\RLANCE~1\AppData\Local\Temp
TEMP=C:\Users\RLANCE~1\AppData\Local\Temp



---------------  S Y S T E M  ---------------

OS:
 Windows 10 , 64 bit Build 19041 (10.0.19041.3636)
OS uptime: 11 days 17:58 hours
Hyper-V role detected

CPU: total 8 (initial active 8) (4 cores per cpu, 2 threads per core) family 6 model 94 stepping 3 microcode 0xf0, cx8, cmov, fxsr, ht, mmx, 3dnowpref, sse, sse2, sse3, ssse3, sse4.1, sse4.2, popcnt, lzcnt, tsc, tscinvbit, avx, avx2, aes, erms, clmul, bmi1, bmi2, rtm, adx, fma, vzeroupper, clflush, clflushopt, hv, rdtscp

Memory: 4k page, system-wide physical 8083M (1763M free)
TotalPageFile size 32659M (AvailPageFile size 4M)
current process WorkingSet (physical memory assigned to process): 10M, peak: 10M
current process commit charge ("private bytes"): 14M, peak: 15M

vm_info: Java HotSpot(TM) 64-Bit Server VM (19+36-2238) for windows-amd64 JRE (19+36-2238), built on 2022-08-12T20:29:01Z by "mach5one" with MS VC++ 17.1 (VS2022)

END.
